<?xml version="1.0" encoding="UTF-8"?>
<coverage generated="1685979959963" clover="3.2.0">
  <project timestamp="1685979959963" name="All files">
    <metrics statements="56" coveredstatements="47" conditionals="8" coveredconditionals="6" methods="23" coveredmethods="19" elements="87" coveredelements="72" complexity="0" loc="56" ncloc="56" packages="3" files="7" classes="7"/>
    <package name="components">
      <metrics statements="43" coveredstatements="41" conditionals="8" coveredconditionals="6" methods="19" coveredmethods="19"/>
      <file name="AddCommentForm.js" path="/Users/srdjancoric/Library/CloudStorage/Dropbox/Capstone_Support_Final/2305/2305_comments/client/src/components/AddCommentForm.js">
        <metrics statements="11" coveredstatements="11" conditionals="0" coveredconditionals="0" methods="5" coveredmethods="5"/>
        <line num="3" count="2" type="stmt"/>
        <line num="4" count="47" type="stmt"/>
        <line num="5" count="47" type="stmt"/>
        <line num="7" count="47" type="stmt"/>
        <line num="8" count="1" type="stmt"/>
        <line num="9" count="1" type="stmt"/>
        <line num="12" count="47" type="stmt"/>
        <line num="17" count="3" type="stmt"/>
        <line num="18" count="3" type="stmt"/>
        <line num="29" count="12" type="stmt"/>
        <line num="41" count="20" type="stmt"/>
      </file>
      <file name="App.js" path="/Users/srdjancoric/Library/CloudStorage/Dropbox/Capstone_Support_Final/2305/2305_comments/client/src/components/App.js">
        <metrics statements="22" coveredstatements="20" conditionals="6" coveredconditionals="4" methods="8" coveredmethods="8"/>
        <line num="6" count="1" type="stmt"/>
        <line num="7" count="10" type="stmt"/>
        <line num="9" count="10" type="stmt"/>
        <line num="10" count="4" type="stmt"/>
        <line num="11" count="4" type="stmt"/>
        <line num="12" count="4" type="stmt"/>
        <line num="14" count="4" type="stmt"/>
        <line num="17" count="10" type="stmt"/>
        <line num="18" count="1" type="stmt"/>
        <line num="19" count="1" type="stmt"/>
        <line num="20" count="1" type="stmt"/>
        <line num="21" count="1" type="cond" truecount="1" falsecount="1"/>
        <line num="22" count="1" type="stmt"/>
        <line num="24" count="0" type="stmt"/>
        <line num="30" count="10" type="stmt"/>
        <line num="31" count="1" type="stmt"/>
        <line num="32" count="1" type="stmt"/>
        <line num="33" count="1" type="stmt"/>
        <line num="34" count="1" type="cond" truecount="1" falsecount="1"/>
        <line num="35" count="1" type="stmt"/>
        <line num="38" count="0" type="stmt"/>
        <line num="42" count="10" type="stmt"/>
      </file>
      <file name="Comment.js" path="/Users/srdjancoric/Library/CloudStorage/Dropbox/Capstone_Support_Final/2305/2305_comments/client/src/components/Comment.js">
        <metrics statements="2" coveredstatements="2" conditionals="0" coveredconditionals="0" methods="1" coveredmethods="1"/>
        <line num="3" count="2" type="stmt"/>
        <line num="4" count="17" type="stmt"/>
      </file>
      <file name="CommentThread.js" path="/Users/srdjancoric/Library/CloudStorage/Dropbox/Capstone_Support_Final/2305/2305_comments/client/src/components/CommentThread.js">
        <metrics statements="5" coveredstatements="5" conditionals="2" coveredconditionals="2" methods="3" coveredmethods="3"/>
        <line num="3" count="2" type="stmt"/>
        <line num="4" count="8" type="stmt"/>
        <line num="9" count="9" type="stmt"/>
        <line num="15" count="1" type="stmt"/>
        <line num="16" count="1" type="stmt"/>
      </file>
      <file name="Comments.js" path="/Users/srdjancoric/Library/CloudStorage/Dropbox/Capstone_Support_Final/2305/2305_comments/client/src/components/Comments.js">
        <metrics statements="3" coveredstatements="3" conditionals="0" coveredconditionals="0" methods="2" coveredmethods="2"/>
        <line num="3" count="1" type="stmt"/>
        <line num="4" count="10" type="stmt"/>
        <line num="8" count="7" type="stmt"/>
      </file>
    </package>
    <package name="constants">
      <metrics statements="4" coveredstatements="3" conditionals="0" coveredconditionals="0" methods="1" coveredmethods="0"/>
      <file name="routes.js" path="/Users/srdjancoric/Library/CloudStorage/Dropbox/Capstone_Support_Final/2305/2305_comments/client/src/constants/routes.js">
        <metrics statements="4" coveredstatements="3" conditionals="0" coveredconditionals="0" methods="1" coveredmethods="0"/>
        <line num="1" count="1" type="stmt"/>
        <line num="2" count="1" type="stmt"/>
        <line num="3" count="1" type="stmt"/>
        <line num="4" count="0" type="stmt"/>
      </file>
    </package>
    <package name="services">
      <metrics statements="9" coveredstatements="3" conditionals="0" coveredconditionals="0" methods="3" coveredmethods="0"/>
      <file name="comment.js" path="/Users/srdjancoric/Library/CloudStorage/Dropbox/Capstone_Support_Final/2305/2305_comments/client/src/services/comment.js">
        <metrics statements="9" coveredstatements="3" conditionals="0" coveredconditionals="0" methods="3" coveredmethods="0"/>
        <line num="8" count="1" type="stmt"/>
        <line num="9" count="0" type="stmt"/>
        <line num="10" count="0" type="stmt"/>
        <line num="13" count="1" type="stmt"/>
        <line num="14" count="0" type="stmt"/>
        <line num="15" count="0" type="stmt"/>
        <line num="18" count="1" type="stmt"/>
        <line num="19" count="0" type="stmt"/>
        <line num="20" count="0" type="stmt"/>
      </file>
    </package>
  </project>
</coverage>
