{"/Users/srdjancoric/Library/CloudStorage/Dropbox/Capstone_Support_Final/2305/2305_comments/client/src/components/AddCommentForm.js": {"path":"/Users/srdjancoric/Library/CloudStorage/Dropbox/Capstone_Support_Final/2305/2305_comments/client/src/components/AddCommentForm.js","statementMap":{"0":{"start":{"line":3,"column":23},"end":{"line":47,"column":1}},"1":{"start":{"line":4,"column":30},"end":{"line":4,"column":42}},"2":{"start":{"line":5,"column":26},"end":{"line":5,"column":38}},"3":{"start":{"line":7,"column":16},"end":{"line":10,"column":3}},"4":{"start":{"line":8,"column":4},"end":{"line":8,"column":18}},"5":{"start":{"line":9,"column":4},"end":{"line":9,"column":16}},"6":{"start":{"line":12,"column":2},"end":{"line":46,"column":4}},"7":{"start":{"line":17,"column":8},"end":{"line":17,"column":27}},"8":{"start":{"line":18,"column":8},"end":{"line":18,"column":42}},"9":{"start":{"line":29,"column":27},"end":{"line":29,"column":52}},"10":{"start":{"line":41,"column":27},"end":{"line":41,"column":50}}},"fnMap":{"0":{"name":"(anonymous_0)","decl":{"start":{"line":3,"column":23},"end":{"line":3,"column":24}},"loc":{"start":{"line":3,"column":41},"end":{"line":47,"column":1}},"line":3},"1":{"name":"(anonymous_1)","decl":{"start":{"line":7,"column":16},"end":{"line":7,"column":17}},"loc":{"start":{"line":7,"column":22},"end":{"line":10,"column":3}},"line":7},"2":{"name":"(anonymous_2)","decl":{"start":{"line":16,"column":16},"end":{"line":16,"column":17}},"loc":{"start":{"line":16,"column":23},"end":{"line":19,"column":7}},"line":16},"3":{"name":"(anonymous_3)","decl":{"start":{"line":29,"column":20},"end":{"line":29,"column":21}},"loc":{"start":{"line":29,"column":27},"end":{"line":29,"column":52}},"line":29},"4":{"name":"(anonymous_4)","decl":{"start":{"line":41,"column":20},"end":{"line":41,"column":21}},"loc":{"start":{"line":41,"column":27},"end":{"line":41,"column":50}},"line":41}},"branchMap":{},"s":{"0":2,"1":47,"2":47,"3":47,"4":1,"5":1,"6":47,"7":3,"8":3,"9":12,"10":20},"f":{"0":47,"1":1,"2":3,"3":12,"4":20},"b":{},"_coverageSchema":"1a1c01bbd47fc00a2c39e90264f33305004495a9","hash":"c8ded86f9c253a4423dab858f8f5cf1e5536a93f"}
,"/Users/srdjancoric/Library/CloudStorage/Dropbox/Capstone_Support_Final/2305/2305_comments/client/src/components/App.js": {"path":"/Users/srdjancoric/Library/CloudStorage/Dropbox/Capstone_Support_Final/2305/2305_comments/client/src/components/App.js","statementMap":{"0":{"start":{"line":6,"column":12},"end":{"line":49,"column":1}},"1":{"start":{"line":7,"column":34},"end":{"line":7,"column":46}},"2":{"start":{"line":9,"column":2},"end":{"line":15,"column":9}},"3":{"start":{"line":10,"column":26},"end":{"line":13,"column":5}},"4":{"start":{"line":11,"column":19},"end":{"line":11,"column":38}},"5":{"start":{"line":12,"column":6},"end":{"line":12,"column":24}},"6":{"start":{"line":14,"column":4},"end":{"line":14,"column":20}},"7":{"start":{"line":17,"column":28},"end":{"line":28,"column":3}},"8":{"start":{"line":18,"column":17},"end":{"line":18,"column":44}},"9":{"start":{"line":19,"column":4},"end":{"line":27,"column":6}},"10":{"start":{"line":20,"column":6},"end":{"line":26,"column":8}},"11":{"start":{"line":21,"column":8},"end":{"line":25,"column":9}},"12":{"start":{"line":22,"column":10},"end":{"line":22,"column":71}},"13":{"start":{"line":24,"column":10},"end":{"line":24,"column":25}},"14":{"start":{"line":30,"column":23},"end":{"line":40,"column":3}},"15":{"start":{"line":31,"column":4},"end":{"line":39,"column":5}},"16":{"start":{"line":32,"column":19},"end":{"line":32,"column":50}},"17":{"start":{"line":33,"column":6},"end":{"line":33,"column":57}},"18":{"start":{"line":33,"column":33},"end":{"line":33,"column":55}},"19":{"start":{"line":34,"column":6},"end":{"line":36,"column":7}},"20":{"start":{"line":35,"column":8},"end":{"line":35,"column":19}},"21":{"start":{"line":38,"column":6},"end":{"line":38,"column":21}},"22":{"start":{"line":42,"column":2},"end":{"line":48,"column":4}}},"fnMap":{"0":{"name":"(anonymous_0)","decl":{"start":{"line":6,"column":12},"end":{"line":6,"column":13}},"loc":{"start":{"line":6,"column":18},"end":{"line":49,"column":1}},"line":6},"1":{"name":"(anonymous_1)","decl":{"start":{"line":9,"column":12},"end":{"line":9,"column":13}},"loc":{"start":{"line":9,"column":18},"end":{"line":15,"column":3}},"line":9},"2":{"name":"(anonymous_2)","decl":{"start":{"line":10,"column":26},"end":{"line":10,"column":27}},"loc":{"start":{"line":10,"column":38},"end":{"line":13,"column":5}},"line":10},"3":{"name":"(anonymous_3)","decl":{"start":{"line":17,"column":28},"end":{"line":17,"column":29}},"loc":{"start":{"line":17,"column":49},"end":{"line":28,"column":3}},"line":17},"4":{"name":"(anonymous_4)","decl":{"start":{"line":19,"column":16},"end":{"line":19,"column":17}},"loc":{"start":{"line":20,"column":6},"end":{"line":26,"column":8}},"line":20},"5":{"name":"(anonymous_5)","decl":{"start":{"line":20,"column":20},"end":{"line":20,"column":21}},"loc":{"start":{"line":20,"column":33},"end":{"line":26,"column":7}},"line":20},"6":{"name":"(anonymous_6)","decl":{"start":{"line":30,"column":23},"end":{"line":30,"column":24}},"loc":{"start":{"line":30,"column":55},"end":{"line":40,"column":3}},"line":30},"7":{"name":"(anonymous_7)","decl":{"start":{"line":33,"column":18},"end":{"line":33,"column":19}},"loc":{"start":{"line":33,"column":33},"end":{"line":33,"column":55}},"line":33}},"branchMap":{"0":{"loc":{"start":{"line":21,"column":8},"end":{"line":25,"column":9}},"type":"if","locations":[{"start":{"line":21,"column":8},"end":{"line":25,"column":9}},{"start":{"line":23,"column":15},"end":{"line":25,"column":9}}],"line":21},"1":{"loc":{"start":{"line":34,"column":6},"end":{"line":36,"column":7}},"type":"if","locations":[{"start":{"line":34,"column":6},"end":{"line":36,"column":7}},{"start":{},"end":{}}],"line":34},"2":{"loc":{"start":{"line":44,"column":7},"end":{"line":44,"column":57}},"type":"cond-expr","locations":[{"start":{"line":44,"column":29},"end":{"line":44,"column":50}},{"start":{"line":44,"column":53},"end":{"line":44,"column":57}}],"line":44}},"s":{"0":1,"1":10,"2":10,"3":4,"4":4,"5":4,"6":4,"7":10,"8":1,"9":1,"10":1,"11":1,"12":1,"13":0,"14":10,"15":1,"16":1,"17":1,"18":1,"19":1,"20":1,"21":0,"22":10},"f":{"0":10,"1":4,"2":4,"3":1,"4":1,"5":1,"6":1,"7":1},"b":{"0":[1,0],"1":[1,0],"2":[6,4]},"_coverageSchema":"1a1c01bbd47fc00a2c39e90264f33305004495a9","hash":"41cf1ffe622b7088d03145b9350d41ab7a73fad8"}
,"/Users/srdjancoric/Library/CloudStorage/Dropbox/Capstone_Support_Final/2305/2305_comments/client/src/components/Comment.js": {"path":"/Users/srdjancoric/Library/CloudStorage/Dropbox/Capstone_Support_Final/2305/2305_comments/client/src/components/Comment.js","statementMap":{"0":{"start":{"line":3,"column":16},"end":{"line":17,"column":1}},"1":{"start":{"line":4,"column":2},"end":{"line":16,"column":4}}},"fnMap":{"0":{"name":"(anonymous_0)","decl":{"start":{"line":3,"column":16},"end":{"line":3,"column":17}},"loc":{"start":{"line":3,"column":48},"end":{"line":17,"column":1}},"line":3}},"branchMap":{},"s":{"0":2,"1":17},"f":{"0":17},"b":{},"_coverageSchema":"1a1c01bbd47fc00a2c39e90264f33305004495a9","hash":"26f1482bc0c45e22ce4378a7e09f547df2a1de7e"}
,"/Users/srdjancoric/Library/CloudStorage/Dropbox/Capstone_Support_Final/2305/2305_comments/client/src/components/CommentThread.js": {"path":"/Users/srdjancoric/Library/CloudStorage/Dropbox/Capstone_Support_Final/2305/2305_comments/client/src/components/CommentThread.js","statementMap":{"0":{"start":{"line":3,"column":22},"end":{"line":26,"column":1}},"1":{"start":{"line":4,"column":2},"end":{"line":25,"column":4}},"2":{"start":{"line":9,"column":10},"end":{"line":9,"column":55}},"3":{"start":{"line":15,"column":14},"end":{"line":15,"column":33}},"4":{"start":{"line":16,"column":14},"end":{"line":16,"column":40}}},"fnMap":{"0":{"name":"(anonymous_0)","decl":{"start":{"line":3,"column":22},"end":{"line":3,"column":23}},"loc":{"start":{"line":3,"column":54},"end":{"line":26,"column":1}},"line":3},"1":{"name":"(anonymous_1)","decl":{"start":{"line":8,"column":29},"end":{"line":8,"column":30}},"loc":{"start":{"line":8,"column":40},"end":{"line":10,"column":9}},"line":8},"2":{"name":"(anonymous_2)","decl":{"start":{"line":14,"column":21},"end":{"line":14,"column":22}},"loc":{"start":{"line":14,"column":28},"end":{"line":17,"column":13}},"line":14}},"branchMap":{"0":{"loc":{"start":{"line":11,"column":9},"end":{"line":22,"column":9}},"type":"cond-expr","locations":[{"start":{"line":11,"column":60},"end":{"line":11,"column":64}},{"start":{"line":12,"column":10},"end":{"line":21,"column":14}}],"line":11}},"s":{"0":2,"1":8,"2":9,"3":1,"4":1},"f":{"0":8,"1":9,"2":1},"b":{"0":[2,6]},"_coverageSchema":"1a1c01bbd47fc00a2c39e90264f33305004495a9","hash":"fd2ee6aeda0775ded89e952a4a4f278c2eae7959"}
,"/Users/srdjancoric/Library/CloudStorage/Dropbox/Capstone_Support_Final/2305/2305_comments/client/src/components/Comments.js": {"path":"/Users/srdjancoric/Library/CloudStorage/Dropbox/Capstone_Support_Final/2305/2305_comments/client/src/components/Comments.js","statementMap":{"0":{"start":{"line":3,"column":17},"end":{"line":16,"column":1}},"1":{"start":{"line":4,"column":2},"end":{"line":15,"column":4}},"2":{"start":{"line":8,"column":8},"end":{"line":12,"column":10}}},"fnMap":{"0":{"name":"(anonymous_0)","decl":{"start":{"line":3,"column":17},"end":{"line":3,"column":18}},"loc":{"start":{"line":3,"column":50},"end":{"line":16,"column":1}},"line":3},"1":{"name":"(anonymous_1)","decl":{"start":{"line":7,"column":20},"end":{"line":7,"column":21}},"loc":{"start":{"line":8,"column":8},"end":{"line":12,"column":10}},"line":8}},"branchMap":{},"s":{"0":1,"1":10,"2":7},"f":{"0":10,"1":7},"b":{},"_coverageSchema":"1a1c01bbd47fc00a2c39e90264f33305004495a9","hash":"e020bf826c77b2ef46f56b2f08d18f005de16376"}
,"/Users/srdjancoric/Library/CloudStorage/Dropbox/Capstone_Support_Final/2305/2305_comments/client/src/constants/routes.js": {"path":"/Users/srdjancoric/Library/CloudStorage/Dropbox/Capstone_Support_Final/2305/2305_comments/client/src/constants/routes.js","statementMap":{"0":{"start":{"line":1,"column":28},"end":{"line":1,"column":43}},"1":{"start":{"line":2,"column":30},"end":{"line":2,"column":45}},"2":{"start":{"line":3,"column":30},"end":{"line":4,"column":48}},"3":{"start":{"line":4,"column":2},"end":{"line":4,"column":48}}},"fnMap":{"0":{"name":"(anonymous_0)","decl":{"start":{"line":3,"column":30},"end":{"line":3,"column":31}},"loc":{"start":{"line":4,"column":2},"end":{"line":4,"column":48}},"line":4}},"branchMap":{},"s":{"0":1,"1":1,"2":1,"3":0},"f":{"0":0},"b":{},"_coverageSchema":"1a1c01bbd47fc00a2c39e90264f33305004495a9","hash":"061489631552ca2c4cae803e3b7115ce8c586acd"}
,"/Users/srdjancoric/Library/CloudStorage/Dropbox/Capstone_Support_Final/2305/2305_comments/client/src/services/comment.js": {"path":"/Users/srdjancoric/Library/CloudStorage/Dropbox/Capstone_Support_Final/2305/2305_comments/client/src/services/comment.js","statementMap":{"0":{"start":{"line":8,"column":27},"end":{"line":11,"column":1}},"1":{"start":{"line":9,"column":19},"end":{"line":9,"column":48}},"2":{"start":{"line":10,"column":2},"end":{"line":10,"column":23}},"3":{"start":{"line":13,"column":26},"end":{"line":16,"column":1}},"4":{"start":{"line":14,"column":19},"end":{"line":14,"column":61}},"5":{"start":{"line":15,"column":2},"end":{"line":15,"column":23}},"6":{"start":{"line":18,"column":29},"end":{"line":21,"column":1}},"7":{"start":{"line":19,"column":19},"end":{"line":19,"column":70}},"8":{"start":{"line":20,"column":2},"end":{"line":20,"column":23}}},"fnMap":{"0":{"name":"(anonymous_0)","decl":{"start":{"line":8,"column":27},"end":{"line":8,"column":28}},"loc":{"start":{"line":8,"column":39},"end":{"line":11,"column":1}},"line":8},"1":{"name":"(anonymous_1)","decl":{"start":{"line":13,"column":26},"end":{"line":13,"column":27}},"loc":{"start":{"line":13,"column":47},"end":{"line":16,"column":1}},"line":13},"2":{"name":"(anonymous_2)","decl":{"start":{"line":18,"column":29},"end":{"line":18,"column":30}},"loc":{"start":{"line":18,"column":51},"end":{"line":21,"column":1}},"line":18}},"branchMap":{},"s":{"0":1,"1":0,"2":0,"3":1,"4":0,"5":0,"6":1,"7":0,"8":0},"f":{"0":0,"1":0,"2":0},"b":{},"_coverageSchema":"1a1c01bbd47fc00a2c39e90264f33305004495a9","hash":"a58a5641d7ee6aada5ab629576c843e68ddbde96"}
}
