TN:
SF:src/components/AddCommentForm.js
FN:3,(anonymous_0)
FN:7,(anonymous_1)
FN:16,(anonymous_2)
FN:29,(anonymous_3)
FN:41,(anonymous_4)
FNF:5
FNH:5
FNDA:47,(anonymous_0)
FNDA:1,(anonymous_1)
FNDA:3,(anonymous_2)
FNDA:12,(anonymous_3)
FNDA:20,(anonymous_4)
DA:3,2
DA:4,47
DA:5,47
DA:7,47
DA:8,1
DA:9,1
DA:12,47
DA:17,3
DA:18,3
DA:29,12
DA:41,20
LF:11
LH:11
BRF:0
BRH:0
end_of_record
TN:
SF:src/components/App.js
FN:6,(anonymous_0)
FN:9,(anonymous_1)
FN:10,(anonymous_2)
FN:17,(anonymous_3)
FN:19,(anonymous_4)
FN:20,(anonymous_5)
FN:30,(anonymous_6)
FN:33,(anonymous_7)
FNF:8
FNH:8
FNDA:10,(anonymous_0)
FNDA:4,(anonymous_1)
FNDA:4,(anonymous_2)
FNDA:1,(anonymous_3)
FNDA:1,(anonymous_4)
FNDA:1,(anonymous_5)
FNDA:1,(anonymous_6)
FNDA:1,(anonymous_7)
DA:6,1
DA:7,10
DA:9,10
DA:10,4
DA:11,4
DA:12,4
DA:14,4
DA:17,10
DA:18,1
DA:19,1
DA:20,1
DA:21,1
DA:22,1
DA:24,0
DA:30,10
DA:31,1
DA:32,1
DA:33,1
DA:34,1
DA:35,1
DA:38,0
DA:42,10
LF:22
LH:20
BRDA:21,0,0,1
BRDA:21,0,1,0
BRDA:34,1,0,1
BRDA:34,1,1,0
BRDA:44,2,0,6
BRDA:44,2,1,4
BRF:6
BRH:4
end_of_record
TN:
SF:src/components/Comment.js
FN:3,(anonymous_0)
FNF:1
FNH:1
FNDA:17,(anonymous_0)
DA:3,2
DA:4,17
LF:2
LH:2
BRF:0
BRH:0
end_of_record
TN:
SF:src/components/CommentThread.js
FN:3,(anonymous_0)
FN:8,(anonymous_1)
FN:14,(anonymous_2)
FNF:3
FNH:3
FNDA:8,(anonymous_0)
FNDA:9,(anonymous_1)
FNDA:1,(anonymous_2)
DA:3,2
DA:4,8
DA:9,9
DA:15,1
DA:16,1
LF:5
LH:5
BRDA:11,0,0,2
BRDA:11,0,1,6
BRF:2
BRH:2
end_of_record
TN:
SF:src/components/Comments.js
FN:3,(anonymous_0)
FN:7,(anonymous_1)
FNF:2
FNH:2
FNDA:10,(anonymous_0)
FNDA:7,(anonymous_1)
DA:3,1
DA:4,10
DA:8,7
LF:3
LH:3
BRF:0
BRH:0
end_of_record
TN:
SF:src/constants/routes.js
FN:3,(anonymous_0)
FNF:1
FNH:0
FNDA:0,(anonymous_0)
DA:1,1
DA:2,1
DA:3,1
DA:4,0
LF:4
LH:3
BRF:0
BRH:0
end_of_record
TN:
SF:src/services/comment.js
FN:8,(anonymous_0)
FN:13,(anonymous_1)
FN:18,(anonymous_2)
FNF:3
FNH:0
FNDA:0,(anonymous_0)
FNDA:0,(anonymous_1)
FNDA:0,(anonymous_2)
DA:8,1
DA:9,0
DA:10,0
DA:13,1
DA:14,0
DA:15,0
DA:18,1
DA:19,0
DA:20,0
LF:9
LH:3
BRF:0
BRH:0
end_of_record
